[debug] [2023-09-04T14:27:12.605Z] ----------------------------------------------------------------------
[debug] [2023-09-04T14:27:12.609Z] Command:       C:\Program Files\nodejs\node.exe C:\Program Files\nodejs\node_modules\firebase-tools\lib\bin\firebase.js emulators:start
[debug] [2023-09-04T14:27:12.610Z] CLI Version:   12.5.2
[debug] [2023-09-04T14:27:12.611Z] Platform:      win32
[debug] [2023-09-04T14:27:12.612Z] Node Version:  v16.14.0
[debug] [2023-09-04T14:27:12.614Z] Time:          Mon Sep 04 2023 19:57:12 GMT+0530 (India Standard Time)
[debug] [2023-09-04T14:27:12.615Z] ----------------------------------------------------------------------
[debug] 
[debug] [2023-09-04T14:27:12.801Z] > command requires scopes: ["email","openid","https://www.googleapis.com/auth/cloudplatformprojects.readonly","https://www.googleapis.com/auth/firebase","https://www.googleapis.com/auth/cloud-platform"]
[debug] [2023-09-04T14:27:12.802Z] > authorizing via signed-in user (rc2504000@gmail.com)
[debug] [2023-09-04T14:27:13.118Z] java version "20.0.2" 2023-07-18
Java(TM) SE Runtime Environment (build 20.0.2+9-78)

[debug] [2023-09-04T14:27:13.120Z] Java HotSpot(TM) 64-Bit Server VM (build 20.0.2+9-78, mixed mode, sharing)

[debug] [2023-09-04T14:27:13.147Z] Parsed Java major version: 20
[info] i  emulators: Starting emulators: auth, functions, firestore {"metadata":{"emulator":{"name":"hub"},"message":"Starting emulators: auth, functions, firestore"}}
[debug] [2023-09-04T14:27:13.210Z] [logging] Logging Emulator only supports listening on one address (127.0.0.1). Not listening on ::1
[debug] [2023-09-04T14:27:13.211Z] [auth] Authentication Emulator only supports listening on one address (127.0.0.1). Not listening on ::1
[debug] [2023-09-04T14:27:13.212Z] [firestore] Firestore Emulator only supports listening on one address (127.0.0.1). Not listening on ::1
[debug] [2023-09-04T14:27:13.212Z] [firestore.websocket] websocket server for firestore only supports listening on one address (127.0.0.1). Not listening on ::1
[debug] [2023-09-04T14:27:13.212Z] assigned listening specs for emulators {"user":{"hub":[{"address":"127.0.0.1","family":"IPv4","port":4400},{"address":"::1","family":"IPv6","port":4400}],"ui":[{"address":"127.0.0.1","family":"IPv4","port":4000},{"address":"::1","family":"IPv6","port":4000}],"logging":[{"address":"127.0.0.1","family":"IPv4","port":4500}],"auth":[{"address":"127.0.0.1","family":"IPv4","port":9099}],"firestore":[{"address":"127.0.0.1","family":"IPv4","port":8080}],"firestore.websocket":[{"address":"127.0.0.1","family":"IPv4","port":9150}]},"metadata":{"message":"assigned listening specs for emulators"}}
[debug] [2023-09-04T14:27:13.299Z] [hub] writing locator at C:\Users\rc250\AppData\Local\Temp\hub-shortly-af7eb.json
[debug] [2023-09-04T14:27:13.332Z] [functions] Functions Emulator only supports listening on one address (127.0.0.1). Not listening on ::1
[debug] [2023-09-04T14:27:13.333Z] [eventarc] Eventarc Emulator only supports listening on one address (127.0.0.1). Not listening on ::1
[debug] [2023-09-04T14:27:13.333Z] late-assigned ports for functions and eventarc emulators {"user":{"hub":[{"address":"127.0.0.1","family":"IPv4","port":4400},{"address":"::1","family":"IPv6","port":4400}],"ui":[{"address":"127.0.0.1","family":"IPv4","port":4000},{"address":"::1","family":"IPv6","port":4000}],"logging":[{"address":"127.0.0.1","family":"IPv4","port":4500}],"auth":[{"address":"127.0.0.1","family":"IPv4","port":9099}],"firestore":[{"address":"127.0.0.1","family":"IPv4","port":8080}],"firestore.websocket":[{"address":"127.0.0.1","family":"IPv4","port":9150}],"functions":[{"address":"127.0.0.1","family":"IPv4","port":5001}],"eventarc":[{"address":"127.0.0.1","family":"IPv4","port":9299}]},"metadata":{"message":"late-assigned ports for functions and eventarc emulators"}}
[warn] !  functions: The following emulators are not running, calls to these services from the Functions emulator will affect production: database, hosting, pubsub, storage {"metadata":{"emulator":{"name":"functions"},"message":"The following emulators are not running, calls to these services from the Functions emulator will affect production: \u001b[1mdatabase, hosting, pubsub, storage\u001b[22m"}}
[debug] [2023-09-04T14:27:13.341Z] defaultcredentials: writing to file C:\Users\rc250\AppData\Roaming\firebase\rc2504000_gmail_com_application_default_credentials.json
[debug] [2023-09-04T14:27:13.346Z] Setting GAC to C:\Users\rc250\AppData\Roaming\firebase\rc2504000_gmail_com_application_default_credentials.json {"metadata":{"emulator":{"name":"functions"},"message":"Setting GAC to C:\\Users\\rc250\\AppData\\Roaming\\firebase\\rc2504000_gmail_com_application_default_credentials.json"}}
[debug] [2023-09-04T14:27:13.354Z] >>> [apiv2][query] GET https://firebase.googleapis.com/v1beta1/projects/shortly-af7eb/adminSdkConfig [none]
[debug] [2023-09-04T14:27:14.194Z] <<< [apiv2][status] GET https://firebase.googleapis.com/v1beta1/projects/shortly-af7eb/adminSdkConfig 200
[debug] [2023-09-04T14:27:14.194Z] <<< [apiv2][body] GET https://firebase.googleapis.com/v1beta1/projects/shortly-af7eb/adminSdkConfig {"projectId":"shortly-af7eb","storageBucket":"shortly-af7eb.appspot.com"}
[warn] !  firestore: Cloud Firestore Emulator does not support multiple databases yet. {"metadata":{"emulator":{"name":"firestore"},"message":"Cloud Firestore Emulator does not support multiple databases yet."}}
[warn] !  firestore: Did not find a Cloud Firestore rules file specified in a firebase.json config file. {"metadata":{"emulator":{"name":"firestore"},"message":"Did not find a Cloud Firestore rules file specified in a firebase.json config file."}}
[warn] !  firestore: The emulator will default to allowing all reads and writes. Learn more about this option: https://firebase.google.com/docs/emulator-suite/install_and_configure#security_rules_configuration. {"metadata":{"emulator":{"name":"firestore"},"message":"The emulator will default to allowing all reads and writes. Learn more about this option: https://firebase.google.com/docs/emulator-suite/install_and_configure#security_rules_configuration."}}
[debug] [2023-09-04T14:27:14.268Z] Ignoring unsupported arg: auto_download {"metadata":{"emulator":{"name":"firestore"},"message":"Ignoring unsupported arg: auto_download"}}
[debug] [2023-09-04T14:27:14.268Z] Ignoring unsupported arg: single_project_mode_error {"metadata":{"emulator":{"name":"firestore"},"message":"Ignoring unsupported arg: single_project_mode_error"}}
[debug] [2023-09-04T14:27:14.269Z] Starting Firestore Emulator with command {"binary":"java","args":["-Dgoogle.cloud_firestore.debug_log_level=FINE","-Duser.language=en","-jar","C:\\Users\\rc250\\.cache\\firebase\\emulators\\cloud-firestore-emulator-v1.18.1.jar","--host","127.0.0.1","--port",8080,"--websocket_port",9150,"--project_id","shortly-af7eb","--single_project_mode",true,"--functions_emulator","127.0.0.1:5001"],"optionalArgs":["port","webchannel_port","host","rules","websocket_port","functions_emulator","seed_from_export","project_id","single_project_mode"],"joinArgs":false} {"metadata":{"emulator":{"name":"firestore"},"message":"Starting Firestore Emulator with command {\"binary\":\"java\",\"args\":[\"-Dgoogle.cloud_firestore.debug_log_level=FINE\",\"-Duser.language=en\",\"-jar\",\"C:\\\\Users\\\\rc250\\\\.cache\\\\firebase\\\\emulators\\\\cloud-firestore-emulator-v1.18.1.jar\",\"--host\",\"127.0.0.1\",\"--port\",8080,\"--websocket_port\",9150,\"--project_id\",\"shortly-af7eb\",\"--single_project_mode\",true,\"--functions_emulator\",\"127.0.0.1:5001\"],\"optionalArgs\":[\"port\",\"webchannel_port\",\"host\",\"rules\",\"websocket_port\",\"functions_emulator\",\"seed_from_export\",\"project_id\",\"single_project_mode\"],\"joinArgs\":false}"}}
[info] i  firestore: Firestore Emulator logging to firestore-debug.log {"metadata":{"emulator":{"name":"firestore"},"message":"Firestore Emulator logging to \u001b[1mfirestore-debug.log\u001b[22m"}}
[info] +  firestore: Firestore Emulator UI websocket is running on 9150. {"metadata":{"emulator":{"name":"firestore"},"message":"Firestore Emulator UI websocket is running on 9150."}}
[info] i  ui: downloading ui-v1.11.7.zip... {"metadata":{"emulator":{"name":"ui"},"message":"downloading ui-v1.11.7.zip..."}}
[debug] [2023-09-04T14:27:36.486Z] >>> [apiv2][query] GET https://storage.googleapis.com/firebase-preview-drop/emulator/ui-v1.11.7.zip 
[debug] [2023-09-04T14:27:37.244Z] <<< [apiv2][status] GET https://storage.googleapis.com/firebase-preview-drop/emulator/ui-v1.11.7.zip 200
[debug] [2023-09-04T14:27:37.245Z] <<< [apiv2][body] GET https://storage.googleapis.com/firebase-preview-drop/emulator/ui-v1.11.7.zip [stream]
[debug] [2023-09-04T14:27:39.774Z] Data is 3064105
[debug] [2023-09-04T14:27:39.775Z] [unzip] Entry: client/ (compressed_size=0 bytes, uncompressed_size=0 bytes)
[debug] [2023-09-04T14:27:39.775Z] [unzip] Processing entry: client\
[debug] [2023-09-04T14:27:39.775Z] [unzip] mkdir: C:\Users\rc250\.cache\firebase\emulators\ui-v1.11.7\client\
[debug] [2023-09-04T14:27:39.780Z] [unzip] Entry: client/favicon.ico (compressed_size=2497 bytes, uncompressed_size=7406 bytes)
[debug] [2023-09-04T14:27:39.780Z] [unzip] Processing entry: client\favicon.ico
[debug] [2023-09-04T14:27:39.780Z] [unzip] else mkdir: C:\Users\rc250\.cache\firebase\emulators\ui-v1.11.7\client
[debug] [2023-09-04T14:27:39.781Z] [unzip] deflating: C:\Users\rc250\.cache\firebase\emulators\ui-v1.11.7\client\favicon.ico
[debug] [2023-09-04T14:27:39.792Z] [unzip] Entry: client/apple-touch-icon.png (compressed_size=7231 bytes, uncompressed_size=7367 bytes)
[debug] [2023-09-04T14:27:39.792Z] [unzip] Processing entry: client\apple-touch-icon.png
[debug] [2023-09-04T14:27:39.792Z] [unzip] else mkdir: C:\Users\rc250\.cache\firebase\emulators\ui-v1.11.7\client
[debug] [2023-09-04T14:27:39.793Z] [unzip] deflating: C:\Users\rc250\.cache\firebase\emulators\ui-v1.11.7\client\apple-touch-icon.png
[debug] [2023-09-04T14:27:39.797Z] [unzip] Entry: client/android-chrome-512x512.png (compressed_size=16987 bytes, uncompressed_size=18186 bytes)
[debug] [2023-09-04T14:27:39.798Z] [unzip] Processing entry: client\android-chrome-512x512.png
[debug] [2023-09-04T14:27:39.798Z] [unzip] else mkdir: C:\Users\rc250\.cache\firebase\emulators\ui-v1.11.7\client
[debug] [2023-09-04T14:27:39.799Z] [unzip] deflating: C:\Users\rc250\.cache\firebase\emulators\ui-v1.11.7\client\android-chrome-512x512.png
[debug] [2023-09-04T14:27:39.807Z] [unzip] Entry: client/assets/ (compressed_size=0 bytes, uncompressed_size=0 bytes)
[debug] [2023-09-04T14:27:39.808Z] [unzip] Processing entry: client\assets\
[debug] [2023-09-04T14:27:39.809Z] [unzip] mkdir: C:\Users\rc250\.cache\firebase\emulators\ui-v1.11.7\client\assets\
[debug] [2023-09-04T14:27:39.811Z] [unzip] Entry: client/assets/extensions/ (compressed_size=0 bytes, uncompressed_size=0 bytes)
[debug] [2023-09-04T14:27:39.811Z] [unzip] Processing entry: client\assets\extensions\
[debug] [2023-09-04T14:27:39.811Z] [unzip] mkdir: C:\Users\rc250\.cache\firebase\emulators\ui-v1.11.7\client\assets\extensions\
[debug] [2023-09-04T14:27:39.813Z] [unzip] Entry: client/assets/extensions/default-extension.png (compressed_size=1646 bytes, uncompressed_size=1657 bytes)
[debug] [2023-09-04T14:27:39.814Z] [unzip] Processing entry: client\assets\extensions\default-extension.png
[debug] [2023-09-04T14:27:39.814Z] [unzip] else mkdir: C:\Users\rc250\.cache\firebase\emulators\ui-v1.11.7\client\assets\extensions
[debug] [2023-09-04T14:27:39.817Z] [unzip] deflating: C:\Users\rc250\.cache\firebase\emulators\ui-v1.11.7\client\assets\extensions\default-extension.png
[debug] [2023-09-04T14:27:39.825Z] [unzip] Entry: client/assets/index.58ca09f7.css (compressed_size=37601 bytes, uncompressed_size=321252 bytes)
[debug] [2023-09-04T14:27:39.826Z] [unzip] Processing entry: client\assets\index.58ca09f7.css
[debug] [2023-09-04T14:27:39.826Z] [unzip] else mkdir: C:\Users\rc250\.cache\firebase\emulators\ui-v1.11.7\client\assets
[debug] [2023-09-04T14:27:39.828Z] [unzip] deflating: C:\Users\rc250\.cache\firebase\emulators\ui-v1.11.7\client\assets\index.58ca09f7.css
[debug] [2023-09-04T14:27:39.852Z] [unzip] Entry: client/assets/index.c2583d42.js (compressed_size=526232 bytes, uncompressed_size=1860152 bytes)
[debug] [2023-09-04T14:27:39.853Z] [unzip] Processing entry: client\assets\index.c2583d42.js
[debug] [2023-09-04T14:27:39.853Z] [unzip] else mkdir: C:\Users\rc250\.cache\firebase\emulators\ui-v1.11.7\client\assets
[debug] [2023-09-04T14:27:39.854Z] [unzip] deflating: C:\Users\rc250\.cache\firebase\emulators\ui-v1.11.7\client\assets\index.c2583d42.js
[debug] [2023-09-04T14:27:39.889Z] [unzip] Entry: client/assets/provider-icons/ (compressed_size=0 bytes, uncompressed_size=0 bytes)
[debug] [2023-09-04T14:27:39.890Z] [unzip] Processing entry: client\assets\provider-icons\
[debug] [2023-09-04T14:27:39.890Z] [unzip] mkdir: C:\Users\rc250\.cache\firebase\emulators\ui-v1.11.7\client\assets\provider-icons\
[debug] [2023-09-04T14:27:39.893Z] [unzip] Entry: client/assets/provider-icons/auth_service_oidc.svg (compressed_size=414 bytes, uncompressed_size=858 bytes)
[debug] [2023-09-04T14:27:39.893Z] [unzip] Processing entry: client\assets\provider-icons\auth_service_oidc.svg
[debug] [2023-09-04T14:27:39.893Z] [unzip] else mkdir: C:\Users\rc250\.cache\firebase\emulators\ui-v1.11.7\client\assets\provider-icons
[debug] [2023-09-04T14:27:39.894Z] [unzip] deflating: C:\Users\rc250\.cache\firebase\emulators\ui-v1.11.7\client\assets\provider-icons\auth_service_oidc.svg
[debug] [2023-09-04T14:27:39.899Z] [unzip] Entry: client/assets/provider-icons/auth_service_yahoo.svg (compressed_size=577 bytes, uncompressed_size=1182 bytes)
[debug] [2023-09-04T14:27:39.899Z] [unzip] Processing entry: client\assets\provider-icons\auth_service_yahoo.svg
[debug] [2023-09-04T14:27:39.899Z] [unzip] else mkdir: C:\Users\rc250\.cache\firebase\emulators\ui-v1.11.7\client\assets\provider-icons
[debug] [2023-09-04T14:27:39.900Z] [unzip] deflating: C:\Users\rc250\.cache\firebase\emulators\ui-v1.11.7\client\assets\provider-icons\auth_service_yahoo.svg
[debug] [2023-09-04T14:27:39.906Z] [unzip] Entry: client/assets/provider-icons/auth_service_phone.svg (compressed_size=261 bytes, uncompressed_size=414 bytes)
[debug] [2023-09-04T14:27:39.907Z] [unzip] Processing entry: client\assets\provider-icons\auth_service_phone.svg
[debug] [2023-09-04T14:27:39.907Z] [unzip] else mkdir: C:\Users\rc250\.cache\firebase\emulators\ui-v1.11.7\client\assets\provider-icons
[debug] [2023-09-04T14:27:39.909Z] [unzip] deflating: C:\Users\rc250\.cache\firebase\emulators\ui-v1.11.7\client\assets\provider-icons\auth_service_phone.svg
[debug] [2023-09-04T14:27:39.915Z] [unzip] Entry: client/assets/provider-icons/auth_service_saml.svg (compressed_size=575 bytes, uncompressed_size=1226 bytes)
[debug] [2023-09-04T14:27:39.915Z] [unzip] Processing entry: client\assets\provider-icons\auth_service_saml.svg
[debug] [2023-09-04T14:27:39.915Z] [unzip] else mkdir: C:\Users\rc250\.cache\firebase\emulators\ui-v1.11.7\client\assets\provider-icons
[debug] [2023-09-04T14:27:39.916Z] [unzip] deflating: C:\Users\rc250\.cache\firebase\emulators\ui-v1.11.7\client\assets\provider-icons\auth_service_saml.svg
[debug] [2023-09-04T14:27:39.922Z] [unzip] Entry: client/assets/provider-icons/auth_service_mslive.svg (compressed_size=203 bytes, uncompressed_size=378 bytes)
[debug] [2023-09-04T14:27:39.923Z] [unzip] Processing entry: client\assets\provider-icons\auth_service_mslive.svg
[debug] [2023-09-04T14:27:39.923Z] [unzip] else mkdir: C:\Users\rc250\.cache\firebase\emulators\ui-v1.11.7\client\assets\provider-icons
[debug] [2023-09-04T14:27:39.926Z] [unzip] deflating: C:\Users\rc250\.cache\firebase\emulators\ui-v1.11.7\client\assets\provider-icons\auth_service_mslive.svg
[debug] [2023-09-04T14:27:39.930Z] [unzip] Entry: client/assets/provider-icons/auth_service_facebook.svg (compressed_size=289 bytes, uncompressed_size=457 bytes)
[debug] [2023-09-04T14:27:39.931Z] [unzip] Processing entry: client\assets\provider-icons\auth_service_facebook.svg
[debug] [2023-09-04T14:27:39.931Z] [unzip] else mkdir: C:\Users\rc250\.cache\firebase\emulators\ui-v1.11.7\client\assets\provider-icons
[debug] [2023-09-04T14:27:39.932Z] [unzip] deflating: C:\Users\rc250\.cache\firebase\emulators\ui-v1.11.7\client\assets\provider-icons\auth_service_facebook.svg
[debug] [2023-09-04T14:27:39.940Z] [unzip] Entry: client/assets/provider-icons/auth_service_play_games.svg (compressed_size=565 bytes, uncompressed_size=1173 bytes)
[debug] [2023-09-04T14:27:39.941Z] [unzip] Processing entry: client\assets\provider-icons\auth_service_play_games.svg
[debug] [2023-09-04T14:27:39.941Z] [unzip] else mkdir: C:\Users\rc250\.cache\firebase\emulators\ui-v1.11.7\client\assets\provider-icons
[debug] [2023-09-04T14:27:39.943Z] [unzip] deflating: C:\Users\rc250\.cache\firebase\emulators\ui-v1.11.7\client\assets\provider-icons\auth_service_play_games.svg
[debug] [2023-09-04T14:27:39.959Z] [unzip] Entry: client/assets/provider-icons/auth_service_github.svg (compressed_size=466 bytes, uncompressed_size=838 bytes)
[debug] [2023-09-04T14:27:39.960Z] [unzip] Processing entry: client\assets\provider-icons\auth_service_github.svg
[debug] [2023-09-04T14:27:39.960Z] [unzip] else mkdir: C:\Users\rc250\.cache\firebase\emulators\ui-v1.11.7\client\assets\provider-icons
[debug] [2023-09-04T14:27:39.961Z] [unzip] deflating: C:\Users\rc250\.cache\firebase\emulators\ui-v1.11.7\client\assets\provider-icons\auth_service_github.svg
[debug] [2023-09-04T14:27:39.970Z] [unzip] Entry: client/assets/provider-icons/auth_service_apple.svg (compressed_size=230 bytes, uncompressed_size=334 bytes)
[debug] [2023-09-04T14:27:39.971Z] [unzip] Processing entry: client\assets\provider-icons\auth_service_apple.svg
[debug] [2023-09-04T14:27:39.971Z] [unzip] else mkdir: C:\Users\rc250\.cache\firebase\emulators\ui-v1.11.7\client\assets\provider-icons
[debug] [2023-09-04T14:27:39.973Z] [unzip] deflating: C:\Users\rc250\.cache\firebase\emulators\ui-v1.11.7\client\assets\provider-icons\auth_service_apple.svg
[debug] [2023-09-04T14:27:39.980Z] [unzip] Entry: client/assets/provider-icons/auth_service_google.svg (compressed_size=409 bytes, uncompressed_size=720 bytes)
[debug] [2023-09-04T14:27:39.980Z] [unzip] Processing entry: client\assets\provider-icons\auth_service_google.svg
[debug] [2023-09-04T14:27:39.980Z] [unzip] else mkdir: C:\Users\rc250\.cache\firebase\emulators\ui-v1.11.7\client\assets\provider-icons
[debug] [2023-09-04T14:27:39.981Z] [unzip] deflating: C:\Users\rc250\.cache\firebase\emulators\ui-v1.11.7\client\assets\provider-icons\auth_service_google.svg
[debug] [2023-09-04T14:27:39.987Z] [unzip] Entry: client/assets/provider-icons/auth_service_email.svg (compressed_size=228 bytes, uncompressed_size=326 bytes)
[debug] [2023-09-04T14:27:39.988Z] [unzip] Processing entry: client\assets\provider-icons\auth_service_email.svg
[debug] [2023-09-04T14:27:39.988Z] [unzip] else mkdir: C:\Users\rc250\.cache\firebase\emulators\ui-v1.11.7\client\assets\provider-icons
[debug] [2023-09-04T14:27:39.989Z] [unzip] deflating: C:\Users\rc250\.cache\firebase\emulators\ui-v1.11.7\client\assets\provider-icons\auth_service_email.svg
[debug] [2023-09-04T14:27:39.993Z] [unzip] Entry: client/assets/provider-icons/auth_service_twitter.svg (compressed_size=444 bytes, uncompressed_size=751 bytes)
[debug] [2023-09-04T14:27:39.993Z] [unzip] Processing entry: client\assets\provider-icons\auth_service_twitter.svg
[debug] [2023-09-04T14:27:39.994Z] [unzip] else mkdir: C:\Users\rc250\.cache\firebase\emulators\ui-v1.11.7\client\assets\provider-icons
[debug] [2023-09-04T14:27:39.994Z] [unzip] deflating: C:\Users\rc250\.cache\firebase\emulators\ui-v1.11.7\client\assets\provider-icons\auth_service_twitter.svg
[debug] [2023-09-04T14:27:40.000Z] [unzip] Entry: client/assets/provider-icons/auth_service_game_center.svg (compressed_size=991 bytes, uncompressed_size=3921 bytes)
[debug] [2023-09-04T14:27:40.000Z] [unzip] Processing entry: client\assets\provider-icons\auth_service_game_center.svg
[debug] [2023-09-04T14:27:40.001Z] [unzip] else mkdir: C:\Users\rc250\.cache\firebase\emulators\ui-v1.11.7\client\assets\provider-icons
[debug] [2023-09-04T14:27:40.002Z] [unzip] deflating: C:\Users\rc250\.cache\firebase\emulators\ui-v1.11.7\client\assets\provider-icons\auth_service_game_center.svg
[debug] [2023-09-04T14:27:40.007Z] [unzip] Entry: client/assets/index.c2583d42.js.map (compressed_size=1778557 bytes, uncompressed_size=7961927 bytes)
[debug] [2023-09-04T14:27:40.008Z] [unzip] Processing entry: client\assets\index.c2583d42.js.map
[debug] [2023-09-04T14:27:40.008Z] [unzip] else mkdir: C:\Users\rc250\.cache\firebase\emulators\ui-v1.11.7\client\assets
[debug] [2023-09-04T14:27:40.010Z] [unzip] deflating: C:\Users\rc250\.cache\firebase\emulators\ui-v1.11.7\client\assets\index.c2583d42.js.map
[debug] [2023-09-04T14:27:40.114Z] [unzip] Entry: client/assets/img/ (compressed_size=0 bytes, uncompressed_size=0 bytes)
[debug] [2023-09-04T14:27:40.114Z] [unzip] Processing entry: client\assets\img\
[debug] [2023-09-04T14:27:40.115Z] [unzip] mkdir: C:\Users\rc250\.cache\firebase\emulators\ui-v1.11.7\client\assets\img\
[debug] [2023-09-04T14:27:40.116Z] [unzip] Entry: client/assets/img/database.png (compressed_size=29449 bytes, uncompressed_size=29988 bytes)
[debug] [2023-09-04T14:27:40.116Z] [unzip] Processing entry: client\assets\img\database.png
[debug] [2023-09-04T14:27:40.116Z] [unzip] else mkdir: C:\Users\rc250\.cache\firebase\emulators\ui-v1.11.7\client\assets\img
[debug] [2023-09-04T14:27:40.117Z] [unzip] deflating: C:\Users\rc250\.cache\firebase\emulators\ui-v1.11.7\client\assets\img\database.png
[debug] [2023-09-04T14:27:40.122Z] [unzip] Entry: client/safari-pinned-tab.svg (compressed_size=838 bytes, uncompressed_size=1504 bytes)
[debug] [2023-09-04T14:27:40.122Z] [unzip] Processing entry: client\safari-pinned-tab.svg
[debug] [2023-09-04T14:27:40.122Z] [unzip] else mkdir: C:\Users\rc250\.cache\firebase\emulators\ui-v1.11.7\client
[debug] [2023-09-04T14:27:40.123Z] [unzip] deflating: C:\Users\rc250\.cache\firebase\emulators\ui-v1.11.7\client\safari-pinned-tab.svg
[debug] [2023-09-04T14:27:40.127Z] [unzip] Entry: client/mstile-150x150.png (compressed_size=5406 bytes, uncompressed_size=5723 bytes)
[debug] [2023-09-04T14:27:40.127Z] [unzip] Processing entry: client\mstile-150x150.png
[debug] [2023-09-04T14:27:40.127Z] [unzip] else mkdir: C:\Users\rc250\.cache\firebase\emulators\ui-v1.11.7\client
[debug] [2023-09-04T14:27:40.128Z] [unzip] deflating: C:\Users\rc250\.cache\firebase\emulators\ui-v1.11.7\client\mstile-150x150.png
[debug] [2023-09-04T14:27:40.132Z] [unzip] Entry: client/browserconfig.xml (compressed_size=491 bytes, uncompressed_size=822 bytes)
[debug] [2023-09-04T14:27:40.132Z] [unzip] Processing entry: client\browserconfig.xml
[debug] [2023-09-04T14:27:40.133Z] [unzip] else mkdir: C:\Users\rc250\.cache\firebase\emulators\ui-v1.11.7\client
[debug] [2023-09-04T14:27:40.133Z] [unzip] deflating: C:\Users\rc250\.cache\firebase\emulators\ui-v1.11.7\client\browserconfig.xml
[debug] [2023-09-04T14:27:40.136Z] [unzip] Entry: client/robots.txt (compressed_size=26 bytes, uncompressed_size=26 bytes)
[debug] [2023-09-04T14:27:40.137Z] [unzip] Processing entry: client\robots.txt
[debug] [2023-09-04T14:27:40.137Z] [unzip] else mkdir: C:\Users\rc250\.cache\firebase\emulators\ui-v1.11.7\client
[debug] [2023-09-04T14:27:40.137Z] [unzip] Writing file: C:\Users\rc250\.cache\firebase\emulators\ui-v1.11.7\client\robots.txt
[debug] [2023-09-04T14:27:40.142Z] [unzip] Entry: client/index.html (compressed_size=1363 bytes, uncompressed_size=3064 bytes)
[debug] [2023-09-04T14:27:40.142Z] [unzip] Processing entry: client\index.html
[debug] [2023-09-04T14:27:40.143Z] [unzip] else mkdir: C:\Users\rc250\.cache\firebase\emulators\ui-v1.11.7\client
[debug] [2023-09-04T14:27:40.143Z] [unzip] deflating: C:\Users\rc250\.cache\firebase\emulators\ui-v1.11.7\client\index.html
[debug] [2023-09-04T14:27:40.150Z] [unzip] Entry: client/favicon-16x16.png (compressed_size=757 bytes, uncompressed_size=777 bytes)
[debug] [2023-09-04T14:27:40.151Z] [unzip] Processing entry: client\favicon-16x16.png
[debug] [2023-09-04T14:27:40.151Z] [unzip] else mkdir: C:\Users\rc250\.cache\firebase\emulators\ui-v1.11.7\client
[debug] [2023-09-04T14:27:40.153Z] [unzip] deflating: C:\Users\rc250\.cache\firebase\emulators\ui-v1.11.7\client\favicon-16x16.png
[debug] [2023-09-04T14:27:40.158Z] [unzip] Entry: client/manifest.json (compressed_size=246 bytes, uncompressed_size=551 bytes)
[debug] [2023-09-04T14:27:40.159Z] [unzip] Processing entry: client\manifest.json
[debug] [2023-09-04T14:27:40.159Z] [unzip] else mkdir: C:\Users\rc250\.cache\firebase\emulators\ui-v1.11.7\client
[debug] [2023-09-04T14:27:40.164Z] [unzip] deflating: C:\Users\rc250\.cache\firebase\emulators\ui-v1.11.7\client\manifest.json
[debug] [2023-09-04T14:27:40.174Z] [unzip] Entry: client/favicon-32x32.png (compressed_size=1175 bytes, uncompressed_size=1175 bytes)
[debug] [2023-09-04T14:27:40.175Z] [unzip] Processing entry: client\favicon-32x32.png
[debug] [2023-09-04T14:27:40.175Z] [unzip] else mkdir: C:\Users\rc250\.cache\firebase\emulators\ui-v1.11.7\client
[debug] [2023-09-04T14:27:40.177Z] [unzip] Writing file: C:\Users\rc250\.cache\firebase\emulators\ui-v1.11.7\client\favicon-32x32.png
[debug] [2023-09-04T14:27:40.180Z] [unzip] Entry: client/android-chrome-192x192.png (compressed_size=7602 bytes, uncompressed_size=7834 bytes)
[debug] [2023-09-04T14:27:40.181Z] [unzip] Processing entry: client\android-chrome-192x192.png
[debug] [2023-09-04T14:27:40.181Z] [unzip] else mkdir: C:\Users\rc250\.cache\firebase\emulators\ui-v1.11.7\client
[debug] [2023-09-04T14:27:40.182Z] [unzip] deflating: C:\Users\rc250\.cache\firebase\emulators\ui-v1.11.7\client\android-chrome-192x192.png
[debug] [2023-09-04T14:27:40.192Z] [unzip] Entry: server/ (compressed_size=0 bytes, uncompressed_size=0 bytes)
[debug] [2023-09-04T14:27:40.192Z] [unzip] Processing entry: server\
[debug] [2023-09-04T14:27:40.193Z] [unzip] mkdir: C:\Users\rc250\.cache\firebase\emulators\ui-v1.11.7\server\
[debug] [2023-09-04T14:27:40.194Z] [unzip] Entry: server/server.js (compressed_size=343746 bytes, uncompressed_size=1346374 bytes)
[debug] [2023-09-04T14:27:40.195Z] [unzip] Processing entry: server\server.js
[debug] [2023-09-04T14:27:40.195Z] [unzip] else mkdir: C:\Users\rc250\.cache\firebase\emulators\ui-v1.11.7\server
[debug] [2023-09-04T14:27:40.197Z] [unzip] deflating: C:\Users\rc250\.cache\firebase\emulators\ui-v1.11.7\server\server.js
[debug] [2023-09-04T14:27:40.223Z] [unzip] Entry: server/server.js.map (compressed_size=289157 bytes, uncompressed_size=1325651 bytes)
[debug] [2023-09-04T14:27:40.224Z] [unzip] Processing entry: server\server.js.map
[debug] [2023-09-04T14:27:40.224Z] [unzip] else mkdir: C:\Users\rc250\.cache\firebase\emulators\ui-v1.11.7\server
[debug] [2023-09-04T14:27:40.225Z] [unzip] deflating: C:\Users\rc250\.cache\firebase\emulators\ui-v1.11.7\server\server.js.map
[debug] [2023-09-04T14:27:40.253Z] Ignoring unsupported arg: auto_download {"metadata":{"emulator":{"name":"ui"},"message":"Ignoring unsupported arg: auto_download"}}
[debug] [2023-09-04T14:27:40.255Z] Ignoring unsupported arg: port {"metadata":{"emulator":{"name":"ui"},"message":"Ignoring unsupported arg: port"}}
[debug] [2023-09-04T14:27:40.255Z] Starting Emulator UI with command {"binary":"node","args":["C:\\Users\\rc250\\.cache\\firebase\\emulators\\ui-v1.11.7\\server\\server.js"],"optionalArgs":[],"joinArgs":false} {"metadata":{"emulator":{"name":"ui"},"message":"Starting Emulator UI with command {\"binary\":\"node\",\"args\":[\"C:\\\\Users\\\\rc250\\\\.cache\\\\firebase\\\\emulators\\\\ui-v1.11.7\\\\server\\\\server.js\"],\"optionalArgs\":[],\"joinArgs\":false}"}}
[info] i  ui: Emulator UI logging to ui-debug.log {"metadata":{"emulator":{"name":"ui"},"message":"Emulator UI logging to \u001b[1mui-debug.log\u001b[22m"}}
[debug] [2023-09-04T14:27:41.069Z] Web / API server started at 127.0.0.1:4000
 {"metadata":{"emulator":{"name":"ui"},"message":"Web / API server started at 127.0.0.1:4000\n"}}
[debug] [2023-09-04T14:27:41.071Z] Web / API server started at ::1:4000
 {"metadata":{"emulator":{"name":"ui"},"message":"Web / API server started at ::1:4000\n"}}
[info] i  functions: Watching "C:\Users\rc250\OneDrive\Desktop\FS\shortly\functions" for Cloud Functions... {"metadata":{"emulator":{"name":"functions"},"message":"Watching \"C:\\Users\\rc250\\OneDrive\\Desktop\\FS\\shortly\\functions\" for Cloud Functions..."}}
[debug] [2023-09-04T14:27:41.094Z] Validating nodejs source
[debug] [2023-09-04T14:27:44.029Z] > [functions] package.json contents: {
  "name": "functions",
  "description": "Cloud Functions for Firebase",
  "scripts": {
    "serve": "firebase emulators:start --only functions",
    "shell": "firebase functions:shell",
    "start": "npm run shell",
    "deploy": "firebase deploy --only functions",
    "logs": "firebase functions:log"
  },
  "engines": {
    "node": "18"
  },
  "main": "index.js",
  "dependencies": {
    "firebase-admin": "^11.8.0",
    "firebase-functions": "^4.3.1"
  },
  "devDependencies": {
    "firebase-functions-test": "^3.1.0"
  },
  "private": true
}
[debug] [2023-09-04T14:27:44.030Z] Building nodejs source
[debug] [2023-09-04T14:27:44.031Z] Failed to find version of module node: reached end of search path C:\Users\rc250\OneDrive\Desktop\FS\shortly\functions\node_modules
[warn] !  functions: Your requested "node" version "18" doesn't match your global version "16". Using node@16 from host. 
[debug] [2023-09-04T14:27:44.039Z] Could not find functions.yaml. Must use http discovery
[debug] [2023-09-04T14:27:44.074Z] Found firebase-functions binary at 'C:\Users\rc250\OneDrive\Desktop\FS\shortly\functions\node_modules\.bin\firebase-functions'
[info] Serving at port 8066

[info] shutdown requested via /__/quitquitquit

[error] !!  functions: Failed to load function definition from source: FirebaseError: User code failed to load. Cannot determine backend specification {"metadata":{"emulator":{"name":"functions"},"message":"Failed to load function definition from source: FirebaseError: User code failed to load. Cannot determine backend specification"}}
[info] 
┌─────────────────────────────────────────────────────────────┐
│ ✔  All emulators ready! It is now safe to connect your app. │
│ i  View Emulator UI at http://127.0.0.1:4000/               │
└─────────────────────────────────────────────────────────────┘

┌────────────────┬────────────────┬─────────────────────────────────┐
│ Emulator       │ Host:Port      │ View in Emulator UI             │
├────────────────┼────────────────┼─────────────────────────────────┤
│ Authentication │ 127.0.0.1:9099 │ http://127.0.0.1:4000/auth      │
├────────────────┼────────────────┼─────────────────────────────────┤
│ Functions      │ 127.0.0.1:5001 │ http://127.0.0.1:4000/functions │
├────────────────┼────────────────┼─────────────────────────────────┤
│ Firestore      │ 127.0.0.1:8080 │ http://127.0.0.1:4000/firestore │
└────────────────┴────────────────┴─────────────────────────────────┘
  Emulator Hub running at 127.0.0.1:4400
  Other reserved ports: 4500, 9150

Issues? Report them at https://github.com/firebase/firebase-tools/issues and attach the *-debug.log files.
 
[warn] !  Received a signed JWT. Auth Emulator does not validate JWTs and IS NOT SECURE {"metadata":{"emulator":{"name":"auth"},"message":"Received a signed JWT. Auth Emulator does not validate JWTs and IS NOT SECURE"}}
[debug] [2023-09-04T14:48:42.956Z] >>> [apiv2][query] POST http://127.0.0.1:5001/functions/projects/shortly-af7eb/trigger_multicast [none]
[debug] [2023-09-04T14:48:42.956Z] >>> [apiv2][body] POST http://127.0.0.1:5001/functions/projects/shortly-af7eb/trigger_multicast {"eventId":"4705d5f9-f952-40d4-b1ba-d23645ee896e","eventType":"providers/firebase.auth/eventTypes/user.create","resource":{"name":"projects/shortly-af7eb","service":"firebaseauth.googleapis.com"},"params":{},"timestamp":"2023-09-04T14:48:42.953Z","data":{"uid":"Si6XXZCO6fBIHyxZDGhcsQ5DRDfD","email":"test@gmail.com","emailVerified":false,"metadata":{"creationTime":"2023-09-04T14:48:42.947Z","lastSignInTime":"2023-09-04T14:48:42.947Z"},"customClaims":{},"providerData":[{"providerId":"password","email":"test@gmail.com","federatedId":"test@gmail.com","rawId":"test@gmail.com"}]}}
[debug] [2023-09-04T14:48:42.978Z] <<< [apiv2][status] POST http://127.0.0.1:5001/functions/projects/shortly-af7eb/trigger_multicast 200
[debug] [2023-09-04T14:48:42.979Z] <<< [apiv2][body] POST http://127.0.0.1:5001/functions/projects/shortly-af7eb/trigger_multicast {"status":"multicast_acknowledged"}
